<testsuite tests='1' results='0' failures='0' disabled='1' errors='0' time='1.411' name='behavior.viitteidenLisays'>
  <testcase classname='behavior.viitteidenLisays' name='käyttäjä voi lisätä viitteen' time='0.06'>
    <skipped />
  </testcase>
</testsuite>